<?xml version="1.0" encoding="UTF-8"?>
<testng-results ignored="0" total="9" passed="7" failed="2" skipped="0">
  <reporter-output>
  </reporter-output>
  <suite started-at="2024-10-15T12:50:12 IST" name="Suite" finished-at="2024-10-15T12:51:48 IST" duration-ms="96748">
    <groups>
      <group name="datadriven">
        <method signature="T03_testLoginDDT.testLgoinDDT(java.lang.String,java.lang.String,java.lang.String)[pri:0, instance:testCase.T03_testLoginDDT@6af9fcb2]" name="testLgoinDDT" class="testCase.T03_testLoginDDT"/>
      </group> <!-- datadriven -->
      <group name="regression">
        <method signature="T02_testLogin.testLogin()[pri:0, instance:testCase.T02_testLogin@6cce16f4]" name="testLogin" class="testCase.T02_testLogin"/>
      </group> <!-- regression -->
      <group name="sanity">
        <method signature="T01_testNewRegistration.verify_account_registration()[pri:0, instance:testCase.T01_testNewRegistration@74589991]" name="verify_account_registration" class="testCase.T01_testNewRegistration"/>
      </group> <!-- sanity -->
      <group name="master">
        <method signature="T01_testNewRegistration.verify_account_registration()[pri:0, instance:testCase.T01_testNewRegistration@74589991]" name="verify_account_registration" class="testCase.T01_testNewRegistration"/>
        <method signature="T02_testLogin.testLogin()[pri:0, instance:testCase.T02_testLogin@6cce16f4]" name="testLogin" class="testCase.T02_testLogin"/>
        <method signature="T03_testLoginDDT.testLgoinDDT(java.lang.String,java.lang.String,java.lang.String)[pri:0, instance:testCase.T03_testLoginDDT@6af9fcb2]" name="testLgoinDDT" class="testCase.T03_testLoginDDT"/>
      </group> <!-- master -->
    </groups>
    <test started-at="2024-10-15T12:50:12 IST" name="Test" finished-at="2024-10-15T12:51:48 IST" duration-ms="96748">
      <class name="testCase.T01_testNewRegistration">
        <test-method is-config="true" signature="setup(java.lang.String,java.lang.String)[pri:0, instance:testCase.T01_testNewRegistration@74589991]" started-at="2024-10-15T12:50:12 IST" name="setup" finished-at="2024-10-15T12:50:15 IST" duration-ms="3584" status="PASS">
          <params>
            <param index="0">
              <value>
                <![CDATA[Linux]]>
              </value>
            </param>
            <param index="1">
              <value>
                <![CDATA[chrome]]>
              </value>
            </param>
          </params>
          <reporter-output>
          </reporter-output>
        </test-method> <!-- setup -->
        <test-method signature="verify_account_registration()[pri:0, instance:testCase.T01_testNewRegistration@74589991]" started-at="2024-10-15T12:50:15 IST" name="verify_account_registration" finished-at="2024-10-15T12:50:18 IST" duration-ms="2984" status="PASS">
          <reporter-output>
          </reporter-output>
        </test-method> <!-- verify_account_registration -->
        <test-method is-config="true" signature="tearDown()[pri:0, instance:testCase.T01_testNewRegistration@74589991]" started-at="2024-10-15T12:50:18 IST" name="tearDown" finished-at="2024-10-15T12:50:19 IST" duration-ms="434" status="PASS">
          <reporter-output>
          </reporter-output>
        </test-method> <!-- tearDown -->
      </class> <!-- testCase.T01_testNewRegistration -->
      <class name="testCase.T02_testLogin">
        <test-method is-config="true" signature="setup(java.lang.String,java.lang.String)[pri:0, instance:testCase.T02_testLogin@6cce16f4]" started-at="2024-10-15T12:51:43 IST" name="setup" finished-at="2024-10-15T12:51:47 IST" duration-ms="3838" status="PASS">
          <params>
            <param index="0">
              <value>
                <![CDATA[Linux]]>
              </value>
            </param>
            <param index="1">
              <value>
                <![CDATA[chrome]]>
              </value>
            </param>
          </params>
          <reporter-output>
          </reporter-output>
        </test-method> <!-- setup -->
        <test-method signature="testLogin()[pri:0, instance:testCase.T02_testLogin@6cce16f4]" started-at="2024-10-15T12:51:47 IST" name="testLogin" finished-at="2024-10-15T12:51:48 IST" duration-ms="1171" status="PASS">
          <reporter-output>
          </reporter-output>
        </test-method> <!-- testLogin -->
        <test-method is-config="true" signature="tearDown()[pri:0, instance:testCase.T02_testLogin@6cce16f4]" started-at="2024-10-15T12:51:48 IST" name="tearDown" finished-at="2024-10-15T12:51:48 IST" duration-ms="393" status="PASS">
          <reporter-output>
          </reporter-output>
        </test-method> <!-- tearDown -->
      </class> <!-- testCase.T02_testLogin -->
      <class name="testCase.T03_testLoginDDT">
        <test-method is-config="true" signature="setup(java.lang.String,java.lang.String)[pri:0, instance:testCase.T03_testLoginDDT@6af9fcb2]" started-at="2024-10-15T12:50:19 IST" name="setup" finished-at="2024-10-15T12:50:22 IST" duration-ms="2997" status="PASS">
          <params>
            <param index="0">
              <value>
                <![CDATA[Linux]]>
              </value>
            </param>
            <param index="1">
              <value>
                <![CDATA[chrome]]>
              </value>
            </param>
          </params>
          <reporter-output>
          </reporter-output>
        </test-method> <!-- setup -->
        <test-method signature="testLgoinDDT(java.lang.String,java.lang.String,java.lang.String)[pri:0, instance:testCase.T03_testLoginDDT@6af9fcb2]" started-at="2024-10-15T12:50:24 IST" name="testLgoinDDT" data-provider="LoginData" finished-at="2024-10-15T12:50:36 IST" duration-ms="11331" status="FAIL">
          <params>
            <param index="0">
              <value>
                <![CDATA[pavanoltraining@gmail.com]]>
              </value>
            </param>
            <param index="1">
              <value>
                <![CDATA[test@123]]>
              </value>
            </param>
            <param index="2">
              <value>
                <![CDATA[Valid]]>
              </value>
            </param>
          </params>
          <exception class="java.lang.AssertionError">
            <message>
              <![CDATA[expected [true] but found [false]]]>
            </message>
            <full-stacktrace>
              <![CDATA[java.lang.AssertionError: expected [true] but found [false]
at org.testng.Assert.fail(Assert.java:111)
at org.testng.Assert.failNotEquals(Assert.java:1578)
at org.testng.Assert.assertTrue(Assert.java:57)
at org.testng.Assert.assertTrue(Assert.java:67)
at testCase.T03_testLoginDDT.testLgoinDDT(T03_testLoginDDT.java:33)
at java.base/jdk.internal.reflect.DirectMethodHandleAccessor.invoke(DirectMethodHandleAccessor.java:103)
at java.base/java.lang.reflect.Method.invoke(Method.java:580)
at org.testng.internal.invokers.MethodInvocationHelper.invokeMethod(MethodInvocationHelper.java:141)
at org.testng.internal.invokers.TestInvoker.invokeMethod(TestInvoker.java:686)
at org.testng.internal.invokers.TestInvoker.invokeTestMethod(TestInvoker.java:230)
at org.testng.internal.invokers.MethodRunner.runInSequence(MethodRunner.java:63)
at org.testng.internal.invokers.TestInvoker$MethodInvocationAgent.invoke(TestInvoker.java:992)
at org.testng.internal.invokers.TestInvoker.invokeTestMethods(TestInvoker.java:203)
at org.testng.internal.invokers.TestMethodWorker.invokeTestMethods(TestMethodWorker.java:154)
at org.testng.internal.invokers.TestMethodWorker.run(TestMethodWorker.java:134)
at java.base/java.util.ArrayList.forEach(ArrayList.java:1596)
at org.testng.TestRunner.privateRun(TestRunner.java:739)
at org.testng.TestRunner.run(TestRunner.java:614)
at org.testng.SuiteRunner.runTest(SuiteRunner.java:421)
at org.testng.SuiteRunner.runSequentially(SuiteRunner.java:413)
at org.testng.SuiteRunner.privateRun(SuiteRunner.java:373)
at org.testng.SuiteRunner.run(SuiteRunner.java:312)
at org.testng.SuiteRunnerWorker.runSuite(SuiteRunnerWorker.java:52)
at org.testng.SuiteRunnerWorker.run(SuiteRunnerWorker.java:95)
at org.testng.TestNG.runSuitesSequentially(TestNG.java:1274)
at org.testng.TestNG.runSuitesLocally(TestNG.java:1208)
at org.testng.TestNG.runSuites(TestNG.java:1112)
at org.testng.TestNG.run(TestNG.java:1079)
at org.apache.maven.surefire.testng.TestNGExecutor.run(TestNGExecutor.java:308)
at org.apache.maven.surefire.testng.TestNGXmlTestSuite.execute(TestNGXmlTestSuite.java:71)
at org.apache.maven.surefire.testng.TestNGProvider.invoke(TestNGProvider.java:113)
at org.apache.maven.surefire.booter.ForkedBooter.runSuitesInProcess(ForkedBooter.java:385)
at org.apache.maven.surefire.booter.ForkedBooter.execute(ForkedBooter.java:162)
at org.apache.maven.surefire.booter.ForkedBooter.run(ForkedBooter.java:507)
at org.apache.maven.surefire.booter.ForkedBooter.main(ForkedBooter.java:495)
]]>
            </full-stacktrace>
          </exception> <!-- java.lang.AssertionError -->
          <reporter-output>
          </reporter-output>
        </test-method> <!-- testLgoinDDT -->
        <test-method signature="testLgoinDDT(java.lang.String,java.lang.String,java.lang.String)[pri:0, instance:testCase.T03_testLoginDDT@6af9fcb2]" started-at="2024-10-15T12:50:36 IST" name="testLgoinDDT" data-provider="LoginData" finished-at="2024-10-15T12:50:47 IST" duration-ms="11078" status="PASS">
          <params>
            <param index="0">
              <value>
                <![CDATA[lakshmi@yahoo.com]]>
              </value>
            </param>
            <param index="1">
              <value>
                <![CDATA[Laxmi]]>
              </value>
            </param>
            <param index="2">
              <value>
                <![CDATA[Invalid]]>
              </value>
            </param>
          </params>
          <reporter-output>
          </reporter-output>
        </test-method> <!-- testLgoinDDT -->
        <test-method signature="testLgoinDDT(java.lang.String,java.lang.String,java.lang.String)[pri:0, instance:testCase.T03_testLoginDDT@6af9fcb2]" started-at="2024-10-15T12:50:47 IST" name="testLgoinDDT" data-provider="LoginData" finished-at="2024-10-15T12:50:58 IST" duration-ms="11022" status="PASS">
          <params>
            <param index="0">
              <value>
                <![CDATA[laksh@yahoo.com]]>
              </value>
            </param>
            <param index="1">
              <value>
                <![CDATA[Lakshmi]]>
              </value>
            </param>
            <param index="2">
              <value>
                <![CDATA[Invalid]]>
              </value>
            </param>
          </params>
          <reporter-output>
          </reporter-output>
        </test-method> <!-- testLgoinDDT -->
        <test-method signature="testLgoinDDT(java.lang.String,java.lang.String,java.lang.String)[pri:0, instance:testCase.T03_testLoginDDT@6af9fcb2]" started-at="2024-10-15T12:50:58 IST" name="testLgoinDDT" data-provider="LoginData" finished-at="2024-10-15T12:51:09 IST" duration-ms="11618" status="PASS">
          <params>
            <param index="0">
              <value>
                <![CDATA[laks@yahoo.com]]>
              </value>
            </param>
            <param index="1">
              <value>
                <![CDATA[xyz]]>
              </value>
            </param>
            <param index="2">
              <value>
                <![CDATA[Invalid]]>
              </value>
            </param>
          </params>
          <reporter-output>
          </reporter-output>
        </test-method> <!-- testLgoinDDT -->
        <test-method signature="testLgoinDDT(java.lang.String,java.lang.String,java.lang.String)[pri:0, instance:testCase.T03_testLoginDDT@6af9fcb2]" started-at="2024-10-15T12:51:09 IST" name="testLgoinDDT" data-provider="LoginData" finished-at="2024-10-15T12:51:20 IST" duration-ms="11058" status="FAIL">
          <params>
            <param index="0">
              <value>
                <![CDATA[abc123@gmail.com]]>
              </value>
            </param>
            <param index="1">
              <value>
                <![CDATA[test@123]]>
              </value>
            </param>
            <param index="2">
              <value>
                <![CDATA[Valid]]>
              </value>
            </param>
          </params>
          <exception class="java.lang.AssertionError">
            <message>
              <![CDATA[expected [true] but found [false]]]>
            </message>
            <full-stacktrace>
              <![CDATA[java.lang.AssertionError: expected [true] but found [false]
at org.testng.Assert.fail(Assert.java:111)
at org.testng.Assert.failNotEquals(Assert.java:1578)
at org.testng.Assert.assertTrue(Assert.java:57)
at org.testng.Assert.assertTrue(Assert.java:67)
at testCase.T03_testLoginDDT.testLgoinDDT(T03_testLoginDDT.java:33)
at java.base/jdk.internal.reflect.DirectMethodHandleAccessor.invoke(DirectMethodHandleAccessor.java:103)
at java.base/java.lang.reflect.Method.invoke(Method.java:580)
at org.testng.internal.invokers.MethodInvocationHelper.invokeMethod(MethodInvocationHelper.java:141)
at org.testng.internal.invokers.TestInvoker.invokeMethod(TestInvoker.java:686)
at org.testng.internal.invokers.TestInvoker.invokeTestMethod(TestInvoker.java:230)
at org.testng.internal.invokers.MethodRunner.runInSequence(MethodRunner.java:63)
at org.testng.internal.invokers.TestInvoker$MethodInvocationAgent.invoke(TestInvoker.java:992)
at org.testng.internal.invokers.TestInvoker.invokeTestMethods(TestInvoker.java:203)
at org.testng.internal.invokers.TestMethodWorker.invokeTestMethods(TestMethodWorker.java:154)
at org.testng.internal.invokers.TestMethodWorker.run(TestMethodWorker.java:134)
at java.base/java.util.ArrayList.forEach(ArrayList.java:1596)
at org.testng.TestRunner.privateRun(TestRunner.java:739)
at org.testng.TestRunner.run(TestRunner.java:614)
at org.testng.SuiteRunner.runTest(SuiteRunner.java:421)
at org.testng.SuiteRunner.runSequentially(SuiteRunner.java:413)
at org.testng.SuiteRunner.privateRun(SuiteRunner.java:373)
at org.testng.SuiteRunner.run(SuiteRunner.java:312)
at org.testng.SuiteRunnerWorker.runSuite(SuiteRunnerWorker.java:52)
at org.testng.SuiteRunnerWorker.run(SuiteRunnerWorker.java:95)
at org.testng.TestNG.runSuitesSequentially(TestNG.java:1274)
at org.testng.TestNG.runSuitesLocally(TestNG.java:1208)
at org.testng.TestNG.runSuites(TestNG.java:1112)
at org.testng.TestNG.run(TestNG.java:1079)
at org.apache.maven.surefire.testng.TestNGExecutor.run(TestNGExecutor.java:308)
at org.apache.maven.surefire.testng.TestNGXmlTestSuite.execute(TestNGXmlTestSuite.java:71)
at org.apache.maven.surefire.testng.TestNGProvider.invoke(TestNGProvider.java:113)
at org.apache.maven.surefire.booter.ForkedBooter.runSuitesInProcess(ForkedBooter.java:385)
at org.apache.maven.surefire.booter.ForkedBooter.execute(ForkedBooter.java:162)
at org.apache.maven.surefire.booter.ForkedBooter.run(ForkedBooter.java:507)
at org.apache.maven.surefire.booter.ForkedBooter.main(ForkedBooter.java:495)
]]>
            </full-stacktrace>
          </exception> <!-- java.lang.AssertionError -->
          <reporter-output>
          </reporter-output>
        </test-method> <!-- testLgoinDDT -->
        <test-method signature="testLgoinDDT(java.lang.String,java.lang.String,java.lang.String)[pri:0, instance:testCase.T03_testLoginDDT@6af9fcb2]" started-at="2024-10-15T12:51:20 IST" name="testLgoinDDT" data-provider="LoginData" finished-at="2024-10-15T12:51:32 IST" duration-ms="11162" status="PASS">
          <params>
            <param index="0">
              <value>
                <![CDATA[]]>
              </value>
            </param>
            <param index="1">
              <value>
                <![CDATA[test@123]]>
              </value>
            </param>
            <param index="2">
              <value>
                <![CDATA[Invalid]]>
              </value>
            </param>
          </params>
          <reporter-output>
          </reporter-output>
        </test-method> <!-- testLgoinDDT -->
        <test-method signature="testLgoinDDT(java.lang.String,java.lang.String,java.lang.String)[pri:0, instance:testCase.T03_testLoginDDT@6af9fcb2]" started-at="2024-10-15T12:51:32 IST" name="testLgoinDDT" data-provider="LoginData" finished-at="2024-10-15T12:51:42 IST" duration-ms="10773" status="PASS">
          <params>
            <param index="0">
              <value>
                <![CDATA[abc123@gmail.com]]>
              </value>
            </param>
            <param index="1">
              <value>
                <![CDATA[]]>
              </value>
            </param>
            <param index="2">
              <value>
                <![CDATA[Invalid]]>
              </value>
            </param>
          </params>
          <reporter-output>
          </reporter-output>
        </test-method> <!-- testLgoinDDT -->
        <test-method is-config="true" signature="tearDown()[pri:0, instance:testCase.T03_testLoginDDT@6af9fcb2]" started-at="2024-10-15T12:51:42 IST" name="tearDown" finished-at="2024-10-15T12:51:43 IST" duration-ms="447" status="PASS">
          <reporter-output>
          </reporter-output>
        </test-method> <!-- tearDown -->
      </class> <!-- testCase.T03_testLoginDDT -->
    </test> <!-- Test -->
  </suite> <!-- Suite -->
</testng-results>
